<?xml version="1.0" encoding="UTF-8"?>
<!-- Generated by org.testng.reporters.JUnitReportReporter -->
<testsuite hostname="DESKTOP-6E01LA0" failures="0" tests="4" name="DynamicJson" time="5.569" errors="0" timestamp="2023-10-12T16:31:18 IST" skipped="0">
  <testcase classname="DynamicJson" name="addBook" time="0.206"/>
  <testcase classname="DynamicJson" name="addBook" time="0.207"/>
  <testcase classname="DynamicJson" name="addBook" time="0.179"/>
  <testcase classname="DynamicJson" name="addBook" time="4.977"/>
</testsuite> <!-- DynamicJson -->
