<?xml version="1.0" encoding="UTF-8"?>
<!-- Generated by org.testng.reporters.JUnitReportReporter -->
<testsuite hostname="DESKTOP-6E01LA0" failures="0" tests="1" name="SumValidation" time="3.924" errors="0" timestamp="2023-10-11T23:56:27 IST" skipped="0">
  <testcase classname="SumValidation" name="sumOfCourses" time="3.924"/>
</testsuite> <!-- SumValidation -->
